<?xml version="1.0" encoding="UTF-8"?>
<testng-results ignored="0" total="1" passed="1" failed="0" skipped="0">
  <reporter-output>
  </reporter-output>
  <suite started-at="2024-02-07T19:52:38 EST" name="Default suite" finished-at="2024-02-07T19:53:57 EST" duration-ms="78859">
    <groups>
    </groups>
    <test started-at="2024-02-07T19:52:38 EST" name="Default test" finished-at="2024-02-07T19:53:57 EST" duration-ms="78859">
      <class name="com.myTest.tutorialNinja">
        <test-method signature="tutorialNinjaTest()[pri:0, instance:com.myTest.tutorialNinja@63376bed]" started-at="2024-02-07T19:52:38 EST" name="tutorialNinjaTest" finished-at="2024-02-07T19:53:57 EST" duration-ms="78822" status="PASS">
          <reporter-output>
          </reporter-output>
        </test-method> <!-- tutorialNinjaTest -->
      </class> <!-- com.myTest.tutorialNinja -->
    </test> <!-- Default test -->
  </suite> <!-- Default suite -->
</testng-results>
